2026-03-11 11:13:30 [INFO] GET /api/v1/fleet/status 200 9ms 307 bytes
2026-03-11 11:13:30 [INFO] GET /api/v1/fleet/unenrolled-probes 200 4ms 288 bytes
2026-03-11 11:13:30 [INFO] GET /api/v1/fleet/probes 200 11ms 470 bytes
2026-03-11 11:13:30 [INFO] GET /api/v1/fleet/commands/cmd_1773216643006998553 200 0ms 336 bytes
2026-03-11 11:13:30 [INFO] GET /api/v1/fleet/templates 200 3ms 5 bytes
2026-03-11 11:13:30 [INFO] GET /api/v1/fleet/groups 200 6ms 181 bytes
2026-03-11 11:13:30 [INFO] GET /api/v1/fleet/commands 200 10ms 8959 bytes
2026-03-11 11:13:32 [INFO] GET /api/v1/probes 200 3ms 558 bytes
2026-03-11 11:13:33 [INFO] GET /api/v1/probes/Main/status 200 0ms 196 bytes
2026-03-11 11:13:33 [INFO] GET /api/v1/probes/Main/config 200 0ms 254 bytes
2026-03-11 11:13:33 [INFO] GET /api/v1/commands/probe/Main 200 6ms 2412 bytes
2026-03-11 11:13:38 [INFO] Sending command  to probe Main
2026-03-11 11:13:38 [INFO] Issuing command: type=, probe=Main
2026-03-11 11:13:38 [INFO] Sending custom command: 
2026-03-11 11:13:38 [INFO] Publishing to topic: campus/probes/Main/command
2026-03-11 11:13:38 [INFO] Payload: {"command":"","command_id":"14","timestamp":1773216818}
2026-03-11 11:13:38 [INFO] Command sent to Main:  (ID: 14)
2026-03-11 11:13:38 [INFO] Command sent successfully: id=14, type=, probe=Main
2026-03-11 11:13:38 [INFO] POST /api/v1/probes/Main/command 200 47ms 172 bytes
2026-03-11 11:13:38 [INFO] GET /api/v1/commands/probe/Main 200 2ms 2516 bytes
2026-03-11 11:13:38 [INFO] Processing result: Probe=Main Cmd= Status=failed CommandID=14
2026-03-11 11:13:38 [INFO] GET /api/v1/probes/Main/status 200 0ms 196 bytes
2026-03-11 11:13:43 [INFO] GET /api/v1/probes/Main/status 200 0ms 196 bytes
2026-03-11 11:13:48 [INFO] GET /api/v1/probes/Main/status 200 0ms 196 bytes
2026-03-11 11:13:53 [INFO] GET /api/v1/probes/Main/status 200 0ms 196 bytes
2026-03-11 11:13:58 [INFO] GET /api/v1/probes/Main/status 200 0ms 196 bytes
2026-03-11 11:14:01 [INFO] Telemetry stored: probe=Main, type=light, rssi=0xc0003070d0
2026-03-11 11:14:03 [INFO] GET /api/v1/probes 200 2ms 558 bytes
2026-03-11 11:14:03 [INFO] GET /api/v1/probes/Main/status 200 0ms 196 bytes
2026-03-11 11:14:03 [INFO] GET /api/v1/probes/Main/config 200 0ms 254 bytes
2026-03-11 11:14:03 [INFO] GET /api/v1/commands/probe/Main 200 6ms 2604 bytes
2026-03-11 11:14:37 [INFO] GET /api/v1/probes 200 1ms 558 bytes
2026-03-11 11:14:37 [INFO] GET /api/v1/probes/Main/config 200 0ms 254 bytes
2026-03-11 11:14:37 [INFO] GET /api/v1/commands/probe/Main 200 6ms 2604 bytes
2026-03-11 11:14:37 [INFO] GET /api/v1/probes/Main/status 200 0ms 196 bytes
2026-03-11 11:15:00 [INFO] Telemetry stored: probe=Main, type=light, rssi=0xc0000c0110
2026-03-11 11:16:01 [INFO] Telemetry stored: probe=Main, type=light, rssi=0xc0000c09e0
2026-03-11 11:17:00 [INFO] Telemetry stored: probe=Main, type=light, rssi=0xc0000c0340
2026-03-11 11:17:47 [INFO] Shutting down server...
2026-03-11 11:17:47 [INFO] WebSocket Hub shutting down...
2026-03-11 11:17:47 [INFO] API server ready on http://0.0.0.0:9080
2026-03-11 11:17:51 [INFO] Starting Campus Monitor API Server
2026-03-11 11:17:51 [INFO] Database connected successfully
2026-03-11 11:17:51 [INFO] Connecting to MQTT broker: localhost:1883
2026-03-11 11:17:51 [INFO] Successfully connected to MQTT broker
2026-03-11 11:17:51 [INFO] MQTT connection established
2026-03-11 11:17:51 [INFO] Successfully subscribed to topic: campus/probes/telemetry
2026-03-11 11:17:51 [INFO] Successfully subscribed to topic: campus/probes/telemetry/offline
2026-03-11 11:17:51 [INFO] Successfully subscribed to topic: campus/probes/+/result
2026-03-11 11:17:51 [INFO] MQTT subscriptions active
2026-03-11 11:17:51 [INFO] Started background monitors
2026-03-11 11:17:51 [INFO] Starting Probe Monitor
2026-03-11 11:17:51 [INFO] Probe Monitor started successfully
2026-03-11 11:17:51 [INFO] Subscribing to config broadcasts: campus/probes/+/config
2026-03-11 11:17:51 [INFO] Subscribing to status broadcasts: campus/probes/+/status
2026-03-11 11:17:51 [INFO] Successfully subscribed to topic with channel: campus/probes/+/status
2026-03-11 11:17:51 [INFO] Successfully subscribed to topic with channel: campus/probes/+/config
2026-03-11 11:17:51 [INFO] All handlers and WebSocket endpoint registered
2026-03-11 11:17:51 [INFO] All handlers registered
2026-03-11 11:17:51 [INFO] Starting HTTP server on 0.0.0.0:9080
2026-03-11 11:17:51 [INFO] WebSocket Hub started
2026-03-11 11:17:52 [INFO] New WS Client connected. Total: 1
2026-03-11 11:17:54 [INFO] New WS Client connected. Total: 2
2026-03-11 11:17:59 [INFO] GET /api/v1/probes 200 14ms 558 bytes
2026-03-11 11:17:59 [INFO] GET /api/v1/probes/Main/status 404 0ms 70 bytes
2026-03-11 11:17:59 [INFO] GET /api/v1/probes/Main/config 404 0ms 70 bytes
2026-03-11 11:17:59 [INFO] GET /api/v1/commands/probe/Main 200 11ms 2604 bytes
2026-03-11 11:18:00 [INFO] Telemetry stored: probe=Main, type=light, rssi=0xc000302920
2026-03-11 11:18:02 [INFO] Sending command restart to probe Main
2026-03-11 11:18:02 [INFO] Issuing command: type=restart, probe=Main
2026-03-11 11:18:02 [INFO] Publishing to topic: campus/probes/Main/command
2026-03-11 11:18:02 [INFO] Payload: {"command":"restart","command_id":"15","payload":{"delay":2000},"timestamp":1773217082}
2026-03-11 11:18:02 [INFO] Command sent to Main: restart (ID: 15)
2026-03-11 11:18:02 [INFO] Command sent successfully: id=15, type=restart, probe=Main
2026-03-11 11:18:02 [INFO] POST /api/v1/probes/Main/command 200 30ms 204 bytes
2026-03-11 11:18:02 [INFO] GET /api/v1/commands/probe/Main 200 1ms 2740 bytes
2026-03-11 11:18:02 [INFO] Processing result: Probe=Main Cmd=restart Status=completed CommandID=15
2026-03-11 11:18:04 [INFO] GET /api/v1/probes/Main/status 404 0ms 70 bytes
2026-03-11 11:18:09 [INFO] GET /api/v1/probes/Main/status 404 0ms 70 bytes
2026-03-11 11:18:14 [INFO] GET /api/v1/probes/Main/status 404 0ms 70 bytes
2026-03-11 11:18:19 [INFO] GET /api/v1/probes/Main/status 404 0ms 70 bytes
2026-03-11 11:18:24 [INFO] GET /api/v1/probes/Main/status 404 0ms 70 bytes
2026-03-11 11:18:27 [INFO] Sending command set_wifi to probe Main
2026-03-11 11:18:27 [INFO] Issuing command: type=set_wifi, probe=Main
2026-03-11 11:18:27 [INFO] Publishing to topic: campus/probes/Main/command
2026-03-11 11:18:27 [INFO] Payload: {"command":"set_wifi","command_id":"16","payload":{"password":"Home4321","ssid":"Home"},"timestamp":1773217107}
2026-03-11 11:18:27 [INFO] Command sent to Main: set_wifi (ID: 16)
2026-03-11 11:18:27 [INFO] Command sent successfully: id=16, type=set_wifi, probe=Main
2026-03-11 11:18:27 [INFO] POST /api/v1/probes/Main/command 200 48ms 228 bytes
2026-03-11 11:18:27 [INFO] GET /api/v1/probes/Main/config 404 0ms 70 bytes
2026-03-11 11:18:29 [INFO] GET /api/v1/probes/Main/status 404 0ms 70 bytes
2026-03-11 11:18:34 [INFO] GET /api/v1/probes/Main/status 404 0ms 70 bytes
2026-03-11 11:18:35 [INFO] Processing result: Probe=Main Cmd=set_wifi Status=completed CommandID=
2026-03-11 11:18:35 [INFO] Probe Main configuration updated successfully
2026-03-11 11:18:39 [INFO] GET /api/v1/probes/Main/status 404 0ms 70 bytes
2026-03-11 11:18:44 [INFO] GET /api/v1/probes/Main/status 404 0ms 70 bytes
2026-03-11 11:18:49 [INFO] GET /api/v1/probes/Main/status 404 0ms 70 bytes
2026-03-11 11:18:54 [INFO] GET /api/v1/probes/Main/status 404 0ms 70 bytes
2026-03-11 11:18:57 [INFO] GET /api/v1/topology/layout 200 3ms 408 bytes
2026-03-11 11:18:57 [INFO] GET /api/v1/topology/heatmap 200 29ms 317 bytes
2026-03-11 11:19:00 [INFO] GET /api/v1/probes/Main/status 404 0ms 70 bytes
2026-03-11 11:19:02 [INFO] GET /api/v1/topology/layout 200 1ms 408 bytes
2026-03-11 11:19:02 [INFO] GET /api/v1/topology/heatmap 200 55ms 317 bytes
2026-03-11 11:19:04 [INFO] Sending command get_status to probe Main
2026-03-11 11:19:04 [INFO] Issuing command: type=get_status, probe=Main
2026-03-11 11:19:04 [INFO] Attempting to ping Main (last seen: 2026-03-11 08:18:00 +0000 UTC)
2026-03-11 11:19:04 [INFO] Publishing to topic: campus/probes/Main/command
2026-03-11 11:19:04 [INFO] Payload: {"command":"ping","command_id":"18","timestamp":1773217144}
2026-03-11 11:19:04 [INFO] Command sent to Main: ping (ID: 18)
2026-03-11 11:19:04 [INFO] Processing result: Probe=Main Cmd=ping Status=completed CommandID=18
2026-03-11 11:19:05 [INFO] GET /api/v1/probes/Main/status 404 0ms 70 bytes
2026-03-11 11:19:05 [INFO] Probe Main is back online!
2026-03-11 11:19:05 [INFO] Publishing to topic: campus/probes/Main/command
2026-03-11 11:19:05 [INFO] Payload: {"command":"get_status","command_id":"17","timestamp":1773217145}
2026-03-11 11:19:05 [INFO] Command sent to Main: get_status (ID: 17)
2026-03-11 11:19:05 [INFO] Processing result: Probe=Main Cmd=get_status Status=completed CommandID=17
2026-03-11 11:19:05 [INFO] Command sent successfully: id=17, type=get_status, probe=Main
2026-03-11 11:19:05 [INFO] POST /api/v1/probes/Main/command 200 1668ms 182 bytes
2026-03-11 11:19:05 [INFO] GET /api/v1/probes/Main/status 404 0ms 70 bytes
2026-03-11 11:19:05 [INFO] GET /api/v1/commands/probe/Main 200 2ms 3551 bytes
2026-03-11 11:19:11 [INFO] GET /api/v1/probes/Main/status 404 0ms 70 bytes
2026-03-11 11:19:14 [INFO] GET /api/v1/topology/layout 200 2ms 408 bytes
2026-03-11 11:19:14 [INFO] GET /api/v1/topology/heatmap 200 16ms 317 bytes
2026-03-11 11:19:16 [INFO] GET /api/v1/probes/Main/status 404 0ms 70 bytes
2026-03-11 11:19:18 [INFO] New WS Client connected. Total: 1
2026-03-11 11:19:18 [INFO] GET /api/v1/probes 200 1ms 565 bytes
2026-03-11 11:19:18 [INFO] New WS Client connected. Total: 1
2026-03-11 11:19:19 [INFO] GET /api/v1/probes/Main/status 404 0ms 70 bytes
2026-03-11 11:19:19 [INFO] GET /api/v1/probes/Main/config 404 0ms 70 bytes
2026-03-11 11:19:19 [INFO] GET /api/v1/commands/probe/Main 200 3ms 3551 bytes
2026-03-11 11:19:21 [INFO] New WS Client connected. Total: 2
2026-03-11 11:19:24 [INFO] GET /api/v1/probes/Main/status 404 0ms 70 bytes
2026-03-11 11:19:29 [INFO] GET /api/v1/probes/Main/status 404 0ms 70 bytes
2026-03-11 11:19:34 [INFO] GET /api/v1/probes/Main/status 404 0ms 70 bytes
2026-03-11 11:19:39 [INFO] GET /api/v1/probes/Main/status 404 0ms 70 bytes
2026-03-11 11:19:44 [INFO] GET /api/v1/probes/Main/status 404 0ms 70 bytes
2026-03-11 11:19:45 [INFO] Telemetry stored: probe=Main, type=light, rssi=0xc000015d10
2026-03-11 11:19:49 [INFO] GET /api/v1/probes/Main/status 404 0ms 70 bytes
2026-03-11 11:19:54 [INFO] GET /api/v1/probes/Main/status 404 0ms 70 bytes
2026-03-11 11:20:00 [INFO] GET /api/v1/probes/Main/status 404 0ms 70 bytes
2026-03-11 11:20:05 [INFO] GET /api/v1/probes/Main/status 404 0ms 70 bytes
2026-03-11 11:20:10 [INFO] GET /api/v1/probes/Main/status 404 0ms 70 bytes
2026-03-11 11:20:15 [INFO] GET /api/v1/probes/Main/status 404 0ms 70 bytes
2026-03-11 11:20:20 [INFO] GET /api/v1/probes/Main/status 404 0ms 70 bytes
2026-03-11 11:20:25 [INFO] GET /api/v1/probes/Main/status 404 0ms 70 bytes
2026-03-11 11:20:25 [INFO] GET /api/v1/fleet/unenrolled-probes 200 6ms 288 bytes
2026-03-11 11:20:25 [INFO] GET /api/v1/fleet/probes 200 23ms 470 bytes
2026-03-11 11:20:25 [INFO] GET /api/v1/fleet/status 200 29ms 307 bytes
2026-03-11 11:20:25 [INFO] GET /api/v1/fleet/commands 200 59ms 8959 bytes
2026-03-11 11:20:25 [INFO] GET /api/v1/fleet/templates 200 66ms 5 bytes
2026-03-11 11:20:25 [INFO] GET /api/v1/fleet/groups 200 84ms 181 bytes
2026-03-11 11:20:28 [INFO] GET /api/v1/probes/Main/status 404 0ms 70 bytes
2026-03-11 11:20:28 [INFO] GET /api/v1/fleet/probes/Main 200 8ms 468 bytes
2026-03-11 11:20:31 [INFO] GET /api/v1/fleet/commands 200 9ms 8959 bytes
2026-03-11 11:20:31 [INFO] GET /api/v1/fleet/unenrolled-probes 200 3ms 288 bytes
2026-03-11 11:20:35 [INFO] GET /api/v1/fleet/probes 200 6ms 476 bytes
2026-03-11 11:20:36 [INFO] GET /api/v1/fleet/commands 200 1ms 8959 bytes
2026-03-11 11:20:41 [INFO] GET /api/v1/fleet/status 200 20ms 306 bytes
2026-03-11 11:20:41 [INFO] GET /api/v1/fleet/commands 200 1ms 8959 bytes
2026-03-11 11:20:41 [INFO] Sending fleet command: type=fleet_status, strategy=immediate
2026-03-11 11:20:41 [INFO] POST /api/v1/fleet/commands 202 37ms 333 bytes
2026-03-11 11:20:41 [INFO] GET /api/v1/fleet/commands 200 1ms 9279 bytes
2026-03-11 11:20:41 [INFO] GET /api/v1/fleet/commands/cmd_1773217241418820364 200 0ms 333 bytes
2026-03-11 11:20:42 [INFO] GET /api/v1/fleet/unenrolled-probes 200 15ms 288 bytes
2026-03-11 11:20:44 [INFO] GET /api/v1/fleet/commands/cmd_1773217241418820364 200 0ms 333 bytes
2026-03-11 11:20:45 [INFO] Telemetry stored: probe=Main, type=light, rssi=0xc0005176f0
2026-03-11 11:20:45 [INFO] Processing result: Probe=Main Cmd=fleet_status Status=completed CommandID=cmd_1773217241418820364
2026-03-11 11:20:46 [INFO] GET /api/v1/fleet/probes 200 6ms 470 bytes
2026-03-11 11:20:46 [INFO] GET /api/v1/fleet/commands 200 5ms 9279 bytes
2026-03-11 11:20:47 [INFO] GET /api/v1/fleet/commands/cmd_1773217241418820364 200 0ms 336 bytes
2026-03-11 11:20:50 [INFO] GET /api/v1/fleet/commands/cmd_1773217241418820364 200 0ms 336 bytes
2026-03-11 11:20:51 [INFO] GET /api/v1/fleet/commands 200 3ms 9279 bytes
2026-03-11 11:20:52 [INFO] GET /api/v1/fleet/unenrolled-probes 200 7ms 288 bytes
2026-03-11 11:20:52 [INFO] GET /api/v1/probes/Main/status 200 0ms 205 bytes
2026-03-11 11:20:52 [INFO] GET /api/v1/fleet/probes/Main 200 2ms 468 bytes
2026-03-11 11:20:53 [INFO] GET /api/v1/fleet/commands/cmd_1773217241418820364 200 0ms 336 bytes
2026-03-11 11:20:54 [INFO] GET /api/v1/probes 200 1ms 558 bytes
2026-03-11 11:20:56 [INFO] GET /api/v1/commands/probe/Main 200 13ms 3551 bytes
2026-03-11 11:20:56 [INFO] GET /api/v1/probes/Main/status 200 0ms 205 bytes
2026-03-11 11:20:56 [INFO] GET /api/v1/probes/Main/config 404 0ms 70 bytes
2026-03-11 11:21:01 [INFO] GET /api/v1/probes/Main/status 200 0ms 205 bytes
2026-03-11 11:21:06 [INFO] GET /api/v1/probes/Main/status 200 1ms 205 bytes
2026-03-11 11:21:10 [INFO] GET /api/v1/topology/layout 200 7ms 408 bytes
2026-03-11 11:21:10 [INFO] GET /api/v1/topology/heatmap 200 37ms 317 bytes
2026-03-11 11:21:11 [INFO] GET /api/v1/probes/Main/status 200 0ms 205 bytes
2026-03-11 11:21:16 [INFO] GET /api/v1/probes/Main/status 200 0ms 205 bytes
2026-03-11 11:21:21 [INFO] GET /api/v1/probes/Main/status 200 0ms 205 bytes
2026-03-11 11:21:26 [INFO] GET /api/v1/probes/Main/status 200 0ms 205 bytes
2026-03-11 11:21:31 [INFO] GET /api/v1/probes/Main/status 200 0ms 205 bytes
2026-03-11 11:21:36 [INFO] GET /api/v1/probes/Main/status 200 0ms 205 bytes
2026-03-11 11:21:41 [INFO] GET /api/v1/probes/Main/status 200 0ms 205 bytes
2026-03-11 11:21:45 [INFO] Telemetry stored: probe=Main, type=light, rssi=0xc000294980
2026-03-11 11:21:46 [INFO] GET /api/v1/probes/Main/status 200 0ms 205 bytes
2026-03-11 11:21:51 [INFO] GET /api/v1/probes/Main/status 200 0ms 205 bytes
2026-03-11 11:21:56 [INFO] GET /api/v1/probes/Main/status 200 0ms 205 bytes
2026-03-11 11:22:01 [INFO] GET /api/v1/probes/Main/status 200 0ms 205 bytes
2026-03-11 11:22:06 [INFO] GET /api/v1/probes/Main/status 200 0ms 205 bytes
2026-03-11 11:22:11 [INFO] GET /api/v1/probes/Main/status 200 0ms 205 bytes
2026-03-11 11:22:16 [INFO] GET /api/v1/probes/Main/status 200 0ms 205 bytes
